<?xml version="1.0" encoding="UTF-8"?>
<!-- Generated by org.testng.reporters.JUnitXMLReporter -->
<testsuite ignored="2" hostname="DESKTOP-I8KLFNC" failures="0" tests="2" name="Test" time="0.185" errors="0" timestamp="2022-04-17T09:48:46 IST">
  <testcase classname="testng.Group_Execution" name="createProject" time="0.03"/>
  <testcase classname="testng.Group_Execution" name="deleteProject" time="0.008"/>
  <testcase classname="testng.Group_Execution" name="deleteCustomer" time="0.0">
    <ignored/>
  </testcase> <!-- deleteCustomer -->
  <testcase classname="testng.Group_Execution" name="createCustomer" time="0.0">
    <ignored/>
  </testcase> <!-- createCustomer -->
</testsuite> <!-- Test -->
