<?xml version="1.0" encoding="UTF-8"?>
<!-- Generated by org.testng.reporters.JUnitXMLReporter -->
<testsuite ignored="0" hostname="DESKTOP-I8KLFNC" failures="0" tests="3" name="Default test" time="31.808" errors="0" timestamp="2022-04-25T10:40:12 IST">
  <testcase classname="testng.DataProvdr6" name="testMultipleLogins" time="30.583"/>
  <testcase classname="testng.DataProvdr6" name="testMultipleLogins" time="31.624"/>
  <testcase classname="testng.DataProvdr6" name="testMultipleLogins" time="31.637"/>
</testsuite> <!-- Default test -->
