<?xml version="1.0" encoding="UTF-8"?>
<testng-results ignored="0" total="2" passed="2" failed="0" skipped="0">
  <reporter-output>
  </reporter-output>
  <suite started-at="2022-04-25T11:14:27 IST" name="Suite" finished-at="2022-04-25T11:15:57 IST" duration-ms="89826">
    <groups>
    </groups>
    <test started-at="2022-04-25T11:14:27 IST" name="Test" finished-at="2022-04-25T11:15:57 IST" duration-ms="89826">
      <class name="testng.CrossBrowserMethodUsers">
        <test-method is-config="true" signature="login(java.lang.String,java.lang.String,java.lang.String,java.lang.String)[pri:0, instance:testng.CrossBrowserMethodUsers@161479c6]" started-at="2022-04-25T11:14:27 IST" name="login" finished-at="2022-04-25T11:15:44 IST" duration-ms="76338" status="PASS">
          <params>
            <param index="0">
              <value>
                <![CDATA[https://demo.actitime.com/login.do]]>
              </value>
            </param>
            <param index="1">
              <value>
                <![CDATA[chrome]]>
              </value>
            </param>
            <param index="2">
              <value>
                <![CDATA[admin]]>
              </value>
            </param>
            <param index="3">
              <value>
                <![CDATA[manager]]>
              </value>
            </param>
          </params>
          <reporter-output>
          </reporter-output>
        </test-method> <!-- login -->
        <test-method signature="testUsers()[pri:0, instance:testng.CrossBrowserMethodUsers@161479c6]" started-at="2022-04-25T11:15:44 IST" name="testUsers" finished-at="2022-04-25T11:15:52 IST" duration-ms="8346" status="PASS">
          <reporter-output>
          </reporter-output>
        </test-method> <!-- testUsers -->
        <test-method is-config="true" signature="logout()[pri:0, instance:testng.CrossBrowserMethodUsers@161479c6]" started-at="2022-04-25T11:15:52 IST" name="logout" finished-at="2022-04-25T11:15:57 IST" duration-ms="5037" status="PASS">
          <reporter-output>
          </reporter-output>
        </test-method> <!-- logout -->
      </class> <!-- testng.CrossBrowserMethodUsers -->
      <class name="testng.CrossBrowserMethodReports">
        <test-method is-config="true" signature="login(java.lang.String,java.lang.String,java.lang.String,java.lang.String)[pri:0, instance:testng.CrossBrowserMethodReports@35047d03]" started-at="2022-04-25T11:14:27 IST" name="login" finished-at="2022-04-25T11:15:04 IST" duration-ms="36821" status="PASS">
          <params>
            <param index="0">
              <value>
                <![CDATA[https://demo.actitime.com/login.do]]>
              </value>
            </param>
            <param index="1">
              <value>
                <![CDATA[chrome]]>
              </value>
            </param>
            <param index="2">
              <value>
                <![CDATA[admin]]>
              </value>
            </param>
            <param index="3">
              <value>
                <![CDATA[manager]]>
              </value>
            </param>
          </params>
          <reporter-output>
          </reporter-output>
        </test-method> <!-- login -->
        <test-method signature="testReports()[pri:0, instance:testng.CrossBrowserMethodReports@35047d03]" started-at="2022-04-25T11:15:04 IST" name="testReports" finished-at="2022-04-25T11:15:24 IST" duration-ms="19701" status="PASS">
          <reporter-output>
          </reporter-output>
        </test-method> <!-- testReports -->
        <test-method is-config="true" signature="logout()[pri:0, instance:testng.CrossBrowserMethodReports@35047d03]" started-at="2022-04-25T11:15:24 IST" name="logout" finished-at="2022-04-25T11:15:28 IST" duration-ms="4324" status="PASS">
          <reporter-output>
          </reporter-output>
        </test-method> <!-- logout -->
      </class> <!-- testng.CrossBrowserMethodReports -->
    </test> <!-- Test -->
  </suite> <!-- Suite -->
</testng-results>
